<?xml version="1.0" encoding="UTF-8"?>
<testng-results ignored="0" total="2" passed="2" failed="0" skipped="0">
  <reporter-output>
  </reporter-output>
  <suite started-at="2022-08-01T14:49:47 IST" name="Default suite" finished-at="2022-08-01T14:49:48 IST" duration-ms="1042">
    <groups>
    </groups>
    <test started-at="2022-08-01T14:49:47 IST" name="Default test" finished-at="2022-08-01T14:49:48 IST" duration-ms="1042">
      <class name="APITest.TeamRCB">
        <test-method is-config="true" signature="Pre_Req()[pri:0, instance:APITest.TeamRCB@4738a206]" started-at="2022-08-01T14:49:47 IST" name="Pre_Req" finished-at="2022-08-01T14:49:48 IST" duration-ms="861" status="PASS">
          <reporter-output>
          </reporter-output>
        </test-method> <!-- Pre_Req -->
        <test-method signature="TC1_VerifyIflimitOfForeignersIsNotMoreThan4()[pri:0, instance:APITest.TeamRCB@4738a206]" started-at="2022-08-01T14:49:48 IST" name="TC1_VerifyIflimitOfForeignersIsNotMoreThan4" finished-at="2022-08-01T14:49:48 IST" duration-ms="109" status="PASS">
          <reporter-output>
          </reporter-output>
        </test-method> <!-- TC1_VerifyIflimitOfForeignersIsNotMoreThan4 -->
        <test-method signature="TC2_VerifyIfTeamHasAtleastOneWicketKeeper()[pri:0, instance:APITest.TeamRCB@4738a206]" started-at="2022-08-01T14:49:48 IST" name="TC2_VerifyIfTeamHasAtleastOneWicketKeeper" finished-at="2022-08-01T14:49:48 IST" duration-ms="47" status="PASS">
          <reporter-output>
          </reporter-output>
        </test-method> <!-- TC2_VerifyIfTeamHasAtleastOneWicketKeeper -->
      </class> <!-- APITest.TeamRCB -->
    </test> <!-- Default test -->
  </suite> <!-- Default suite -->
</testng-results>
